<?xml version="1.0" encoding="UTF-8"?>
<!-- Generated by org.testng.reporters.JUnitXMLReporter -->
<testsuite hostname="ANKITK7-M-P46J" ignored="1" name="Default test" tests="2" failures="0" timestamp="2023-03-09T14:15:51 IST" time="10.842" errors="0">
  <testcase name="verifyTitle" time="0.013" classname="testNGPrograms.pageSource"/>
  <testcase name="verifyText" time="0.026" classname="testNGPrograms.pageSource"/>
  <testcase name="verifyLoginBtnIsBlue" time="0.0" classname="testNGPrograms.pageSource">
    <ignored/>
  </testcase> <!-- verifyLoginBtnIsBlue -->
</testsuite> <!-- Default test -->
