<?xml version="1.0" encoding="UTF-8"?>
<!-- Generated by org.testng.reporters.JUnitXMLReporter -->
<testsuite hostname="ANKITK7-M-P46J" ignored="0" name="Test" tests="2" failures="1" timestamp="2023-03-08T16:28:43 IST" time="22.525" errors="0">
  <testcase name="@AfterTest closeBrowser" time="0.001" classname="testNGPrograms.WebTable">
    <failure type="java.lang.NullPointerException">
      <![CDATA[java.lang.NullPointerException
at testNGPrograms.WebTable.closeBrowser(WebTable.java:47)
... Removed 24 stack frames]]>
    </failure>
  </testcase> <!-- @AfterTest closeBrowser -->
  <testcase name="closeAlertBox" time="2.657" classname="testNGPrograms.AlertBoxDemo"/>
  <testcase name="verifySumOfValuesInFirestTable" time="0.002" classname="testNGPrograms.WebTable">
    <failure type="java.lang.NullPointerException">
      <![CDATA[java.lang.NullPointerException
at testNGPrograms.WebTable.verifySumOfValuesInFirestTable(WebTable.java:28)
at java.util.ArrayList.forEach(ArrayList.java:1259)
... Removed 27 stack frames]]>
    </failure>
  </testcase> <!-- verifySumOfValuesInFirestTable -->
</testsuite> <!-- Test -->
